<?xml version="1.0" encoding="UTF-8"?>
<!-- Generated by org.testng.reporters.JUnitReportReporter -->
<testsuite hostname="Shraddha" failures="0" tests="1" name="testCases.TC_002LoginTest" time="1.362" errors="0" timestamp="2025-05-26T23:00:26 IST" skipped="0">
  <testcase classname="testCases.TC_002LoginTest" name="Verify_Login" time="1.362"/>
</testsuite> <!-- testCases.TC_002LoginTest -->
