<?xml version="1.0" encoding="UTF-8"?>
<!-- Generated by org.testng.reporters.JUnitReportReporter -->
<testsuite hostname="Shraddha" failures="0" tests="1" name="testCases.TC001_AccountRegistrationTest" time="2.088" errors="0" timestamp="2025-05-26T22:53:35 IST" skipped="0">
  <testcase classname="testCases.TC001_AccountRegistrationTest" name="Verify_Account_Registration" time="2.088"/>
</testsuite> <!-- testCases.TC001_AccountRegistrationTest -->
